  Player.cpp
C:\Users\raulc\Documents\GitHub\PlatformerGame\Game\Source\Animation.h(58,20): warning C4244: 'inicializando': conversión de 'const float' a 'int'; posible pérdida de datos
C:\Users\raulc\Documents\GitHub\PlatformerGame\Game\Source\Animation.h(60,30): warning C4244: '=': conversión de 'float' a 'int'; posible pérdida de datos
C:\Users\raulc\Documents\GitHub\PlatformerGame\Game\Source\Animation.h(67,18): warning C4244: '=': conversión de 'int' a 'float'; posible pérdida de datos
C:\Users\raulc\Documents\GitHub\PlatformerGame\Game\Source\Player.cpp(276,53): warning C4244: 'argumento': conversión de 'TYPE' a 'int'; posible pérdida de datos
          with
          [
              TYPE=float
          ]
C:\Users\raulc\Documents\GitHub\PlatformerGame\Game\Source\Player.cpp(276,40): warning C4244: 'argumento': conversión de 'TYPE' a 'int'; posible pérdida de datos
          with
          [
              TYPE=float
          ]
C:\Users\raulc\Documents\GitHub\PlatformerGame\Game\Source\Player.cpp(295,96): warning C4244: 'argumento': conversión de 'TYPE' a 'int'; posible pérdida de datos
          with
          [
              TYPE=float
          ]
C:\Users\raulc\Documents\GitHub\PlatformerGame\Game\Source\Player.cpp(295,54): warning C4244: 'argumento': conversión de 'TYPE' a 'int'; posible pérdida de datos
          with
          [
              TYPE=float
          ]
C:\Users\raulc\Documents\GitHub\PlatformerGame\Game\Source\Player.cpp(311,103): warning C4244: 'argumento': conversión de 'TYPE' a 'int'; posible pérdida de datos
          with
          [
              TYPE=float
          ]
C:\Users\raulc\Documents\GitHub\PlatformerGame\Game\Source\Player.cpp(311,56): warning C4244: 'argumento': conversión de 'TYPE' a 'int'; posible pérdida de datos
          with
          [
              TYPE=float
          ]
C:\Users\raulc\Documents\GitHub\PlatformerGame\Game\Source\Player.cpp(320,83): warning C4244: 'argumento': conversión de 'TYPE' a 'int'; posible pérdida de datos
          with
          [
              TYPE=float
          ]
C:\Users\raulc\Documents\GitHub\PlatformerGame\Game\Source\Player.cpp(320,62): warning C4244: 'argumento': conversión de 'TYPE' a 'int'; posible pérdida de datos
          with
          [
              TYPE=float
          ]
C:\Users\raulc\Documents\GitHub\PlatformerGame\Game\Source\Player.cpp(321,83): warning C4244: 'argumento': conversión de 'TYPE' a 'int'; posible pérdida de datos
          with
          [
              TYPE=float
          ]
C:\Users\raulc\Documents\GitHub\PlatformerGame\Game\Source\Player.cpp(321,62): warning C4244: 'argumento': conversión de 'TYPE' a 'int'; posible pérdida de datos
          with
          [
              TYPE=float
          ]
C:\Users\raulc\Documents\GitHub\PlatformerGame\Game\Source\Player.cpp(322,83): warning C4244: 'argumento': conversión de 'TYPE' a 'int'; posible pérdida de datos
          with
          [
              TYPE=float
          ]
C:\Users\raulc\Documents\GitHub\PlatformerGame\Game\Source\Player.cpp(322,62): warning C4244: 'argumento': conversión de 'TYPE' a 'int'; posible pérdida de datos
          with
          [
              TYPE=float
          ]
C:\Users\raulc\Documents\GitHub\PlatformerGame\Game\Source\Player.cpp(323,83): warning C4244: 'argumento': conversión de 'TYPE' a 'int'; posible pérdida de datos
          with
          [
              TYPE=float
          ]
C:\Users\raulc\Documents\GitHub\PlatformerGame\Game\Source\Player.cpp(323,62): warning C4244: 'argumento': conversión de 'TYPE' a 'int'; posible pérdida de datos
          with
          [
              TYPE=float
          ]
C:\Users\raulc\Documents\GitHub\PlatformerGame\Game\Source\Player.cpp(324,83): warning C4244: 'argumento': conversión de 'TYPE' a 'int'; posible pérdida de datos
          with
          [
              TYPE=float
          ]
C:\Users\raulc\Documents\GitHub\PlatformerGame\Game\Source\Player.cpp(324,62): warning C4244: 'argumento': conversión de 'TYPE' a 'int'; posible pérdida de datos
          with
          [
              TYPE=float
          ]
  Scene.cpp
C:\Users\raulc\Documents\GitHub\PlatformerGame\Game\Source\Animation.h(58,20): warning C4244: 'inicializando': conversión de 'const float' a 'int'; posible pérdida de datos
C:\Users\raulc\Documents\GitHub\PlatformerGame\Game\Source\Animation.h(60,30): warning C4244: '=': conversión de 'float' a 'int'; posible pérdida de datos
C:\Users\raulc\Documents\GitHub\PlatformerGame\Game\Source\Animation.h(67,18): warning C4244: '=': conversión de 'int' a 'float'; posible pérdida de datos
C:\Users\raulc\Documents\GitHub\PlatformerGame\Game\Source\Scene.cpp(53,51): warning C4244: '=': conversión de 'TYPE' a 'int'; posible pérdida de datos
          with
          [
              TYPE=float
          ]
C:\Users\raulc\Documents\GitHub\PlatformerGame\Game\Source\Scene.cpp(54,51): warning C4244: '=': conversión de 'TYPE' a 'int'; posible pérdida de datos
          with
          [
              TYPE=float
          ]
C:\Users\raulc\Documents\GitHub\PlatformerGame\Game\Source\Scene.cpp(84,70): warning C4244: '=': conversión de 'int' a 'TYPE'; posible pérdida de datos
          with
          [
              TYPE=float
          ]
C:\Users\raulc\Documents\GitHub\PlatformerGame\Game\Source\Scene.cpp(85,70): warning C4244: '=': conversión de 'int' a 'TYPE'; posible pérdida de datos
          with
          [
              TYPE=float
          ]
  Generando código...
  Game.vcxproj -> C:\Users\raulc\Documents\GitHub\PlatformerGame\Build\Debug\Game.exe
